[debug] [2023-04-24T14:20:03.604Z] ----------------------------------------------------------------------
[debug] [2023-04-24T14:20:03.605Z] Command:       /opt/homebrew/Cellar/node/18.11.0/bin/node /opt/homebrew/bin/firebase deploy
[debug] [2023-04-24T14:20:03.605Z] CLI Version:   11.28.0
[debug] [2023-04-24T14:20:03.605Z] Platform:      darwin
[debug] [2023-04-24T14:20:03.605Z] Node Version:  v18.11.0
[debug] [2023-04-24T14:20:03.608Z] Time:          Mon Apr 24 2023 22:20:03 GMT+0800 (台北標準時間)
[debug] [2023-04-24T14:20:03.609Z] ----------------------------------------------------------------------
[debug] 
[debug] [2023-04-24T14:20:03.610Z] >>> [apiv2][query] GET https://firebase-public.firebaseio.com/cli.json [none]
[debug] [2023-04-24T14:20:03.658Z] > command requires scopes: ["email","openid","https://www.googleapis.com/auth/cloudplatformprojects.readonly","https://www.googleapis.com/auth/firebase","https://www.googleapis.com/auth/cloud-platform"]
[debug] [2023-04-24T14:20:03.658Z] > authorizing via signed-in user (ken5475ht@gmail.com)
[debug] [2023-04-24T14:20:03.658Z] [iam] checking project maauu-demo for permissions ["firebase.projects.get","firebasehosting.sites.update"]
[debug] [2023-04-24T14:20:03.658Z] > refreshing access token with scopes: []
[debug] [2023-04-24T14:20:03.659Z] >>> [apiv2][query] POST https://www.googleapis.com/oauth2/v3/token [none]
[debug] [2023-04-24T14:20:03.659Z] >>> [apiv2][body] POST https://www.googleapis.com/oauth2/v3/token [omitted]
[debug] [2023-04-24T14:20:03.734Z] <<< [apiv2][status] POST https://www.googleapis.com/oauth2/v3/token 200
[debug] [2023-04-24T14:20:03.734Z] <<< [apiv2][body] POST https://www.googleapis.com/oauth2/v3/token [omitted]
[debug] [2023-04-24T14:20:03.745Z] >>> [apiv2][query] POST https://cloudresourcemanager.googleapis.com/v1/projects/maauu-demo:testIamPermissions [none]
[debug] [2023-04-24T14:20:03.745Z] >>> [apiv2][(partial)header] POST https://cloudresourcemanager.googleapis.com/v1/projects/maauu-demo:testIamPermissions x-goog-quota-user=projects/maauu-demo
[debug] [2023-04-24T14:20:03.745Z] >>> [apiv2][body] POST https://cloudresourcemanager.googleapis.com/v1/projects/maauu-demo:testIamPermissions {"permissions":["firebase.projects.get","firebasehosting.sites.update"]}
[debug] [2023-04-24T14:20:04.016Z] <<< [apiv2][status] GET https://firebase-public.firebaseio.com/cli.json 200
[debug] [2023-04-24T14:20:04.016Z] <<< [apiv2][body] GET https://firebase-public.firebaseio.com/cli.json {"cloudBuildErrorAfter":1594252800000,"cloudBuildWarnAfter":1590019200000,"defaultNode10After":1594252800000,"minVersion":"3.0.5","node8DeploysDisabledAfter":1613390400000,"node8RuntimeDisabledAfter":1615809600000,"node8WarnAfter":1600128000000}
[debug] [2023-04-24T14:20:04.640Z] <<< [apiv2][status] POST https://cloudresourcemanager.googleapis.com/v1/projects/maauu-demo:testIamPermissions 200
[debug] [2023-04-24T14:20:04.640Z] <<< [apiv2][body] POST https://cloudresourcemanager.googleapis.com/v1/projects/maauu-demo:testIamPermissions {"permissions":["firebase.projects.get","firebasehosting.sites.update"]}
[debug] [2023-04-24T14:20:04.641Z] >>> [apiv2][query] GET https://firebase.googleapis.com/v1beta1/projects/maauu-demo [none]
[debug] [2023-04-24T14:20:04.901Z] <<< [apiv2][status] GET https://firebase.googleapis.com/v1beta1/projects/maauu-demo 200
[debug] [2023-04-24T14:20:04.901Z] <<< [apiv2][body] GET https://firebase.googleapis.com/v1beta1/projects/maauu-demo {"projectId":"maauu-demo","projectNumber":"184825409777","displayName":"maauu-demo","name":"projects/maauu-demo","resources":{"hostingSite":"maauu-demo"},"state":"ACTIVE","etag":"1_8d88863d-4e57-4426-b051-2b693332cf58"}
[info] 
[info] === Deploying to 'maauu-demo'...
[info] 
[info] i  deploying hosting 
[debug] [2023-04-24T14:20:04.903Z] >>> [apiv2][query] POST https://firebasehosting.googleapis.com/v1beta1/projects/-/sites/maauu-demo/versions [none]
[debug] [2023-04-24T14:20:04.903Z] >>> [apiv2][body] POST https://firebasehosting.googleapis.com/v1beta1/projects/-/sites/maauu-demo/versions {"status":"CREATED","labels":{"deployment-tool":"cli-firebase"}}
[debug] [2023-04-24T14:20:05.580Z] <<< [apiv2][status] POST https://firebasehosting.googleapis.com/v1beta1/projects/-/sites/maauu-demo/versions 200
[debug] [2023-04-24T14:20:05.581Z] <<< [apiv2][body] POST https://firebasehosting.googleapis.com/v1beta1/projects/-/sites/maauu-demo/versions {"name":"projects/184825409777/sites/maauu-demo/versions/b3634924e54fa13d","status":"CREATED","config":{},"labels":{"deployment-tool":"cli-firebase"}}
[info] i  hosting[maauu-demo]: beginning deploy... 
[info] i  hosting[maauu-demo]: found 19 files in build 
[debug] [2023-04-24T14:20:05.594Z] [hosting] uploading with 200 concurrency
[debug] [2023-04-24T14:20:05.743Z] [hosting] hash cache [YnVpbGQ] stored for 19 files
[debug] [2023-04-24T14:20:05.743Z] [hosting][hash queue][FINAL] {"max":139,"min":4,"avg":29.210526315789473,"active":0,"complete":19,"success":19,"errored":0,"retried":0,"total":19,"elapsed":145}
[debug] [2023-04-24T14:20:05.743Z] >>> [apiv2][query] POST https://firebasehosting.googleapis.com/v1beta1/projects/184825409777/sites/maauu-demo/versions/b3634924e54fa13d:populateFiles [none]
[debug] [2023-04-24T14:20:05.744Z] >>> [apiv2][body] POST https://firebasehosting.googleapis.com/v1beta1/projects/184825409777/sites/maauu-demo/versions/b3634924e54fa13d:populateFiles {"files":{"/404.html":"05cbc6f94d7a69ce2e29646eab13be2c884e61ba93e3094df5028866876d18b3","/asset-manifest.json":"69559803e98fdbab81d1981125f1e9b4a11f78bbafcb41a45c71f8bf584ddd09","/index.html":"2b1963b6df346cfeffe1141f937d989ce922e92323fb6ed8c1f85ad606c03d61","/robots.txt":"391d14b3c2f8c9143a27a28c7399585142228d4d1bdbe2c87ac946de411fa9a2","/favicon.ico":"b72f7455f00e4e58792d2bca892abb068e2213838c0316d6b7a0d6d16acd1955","/manifest.json":"341d52628782f8ac9290bbfc43298afccb47b7cbfcee146ae30cf0f46bc30900","/logo512.png":"191fc21360b4ccfb1cda11a1efb97f489ed22672ca83f4064316802bbfdd750e","/logo192.png":"caff018b7f1e8fd481eb1c50d75b0ef236bcd5078b1d15c8bb348453fee30293","/static/js/787.6b1fab6f.chunk.js":"a87c1e0ea213f7be33d663c3dc88a4fd62f7e5febc6e5f0f86383ff3d27d02e0","/static/css/main.963c0212.css":"9a5b6aac6b1c4d0990b42057ece8d308312d779d82cf54153a8906cb5fcacfd9","/static/js/main.9e70e5a9.js.LICENSE.txt":"2e0317bf47c29fb7d0485a53b66ae8cb58c98d0cbaf239efac64dd310dfdabda","/static/js/787.6b1fab6f.chunk.js.map":"79313c7d12c7d678f6cdbc726fa1a78333c7a53d1dc2276aefad6d98ed25dac8","/static/css/main.963c0212.css.map":"a41b3904cc3c41db0ab508d1726e22aaffde5ec13278d6bac758201043856108","/static/js/main.9e70e5a9.js":"ae522ec6a655b53bef81fe7a8afb6eabbeed4881e96af9fe5a88c5207af8b24e","/images/4.png":"7b86c5485c9f4e2e3459d9dfc60c1a20910eb2d6c739f26657c31ffefc7abd08","/images/3.png":"e8706aee7c9a3151103ec065b9c5b41b4bf5f956d175398d6f30a0fc9ac0aa8a","/images/1.png":"c08375cc402d9ec9148e5015191ee0e74841d09648af5a36c767df8bf8b59c2f","/images/2.png":"6672657f745d1b05b01355433b4153439cda7ed5647f5e9cb635984989e0d699","/static/js/main.9e70e5a9.js.map":"dd133c82e793ec55621b5705d0e47e2d6994353f3fb1c4cd19e2667f753ee0fc"}}
[debug] [2023-04-24T14:20:06.168Z] <<< [apiv2][status] POST https://firebasehosting.googleapis.com/v1beta1/projects/184825409777/sites/maauu-demo/versions/b3634924e54fa13d:populateFiles 200
[debug] [2023-04-24T14:20:06.169Z] <<< [apiv2][body] POST https://firebasehosting.googleapis.com/v1beta1/projects/184825409777/sites/maauu-demo/versions/b3634924e54fa13d:populateFiles {"uploadRequiredHashes":["2b1963b6df346cfeffe1141f937d989ce922e92323fb6ed8c1f85ad606c03d61","ae522ec6a655b53bef81fe7a8afb6eabbeed4881e96af9fe5a88c5207af8b24e","9a5b6aac6b1c4d0990b42057ece8d308312d779d82cf54153a8906cb5fcacfd9","a41b3904cc3c41db0ab508d1726e22aaffde5ec13278d6bac758201043856108","69559803e98fdbab81d1981125f1e9b4a11f78bbafcb41a45c71f8bf584ddd09","dd133c82e793ec55621b5705d0e47e2d6994353f3fb1c4cd19e2667f753ee0fc"],"uploadUrl":"https://upload-firebasehosting.googleapis.com/upload/sites/maauu-demo/versions/b3634924e54fa13d/files"}
[debug] [2023-04-24T14:20:06.171Z] >>> [apiv2][query] POST https://upload-firebasehosting.googleapis.com/upload/sites/maauu-demo/versions/b3634924e54fa13d/files/2b1963b6df346cfeffe1141f937d989ce922e92323fb6ed8c1f85ad606c03d61 [none]
[debug] [2023-04-24T14:20:06.171Z] >>> [apiv2][body] POST https://upload-firebasehosting.googleapis.com/upload/sites/maauu-demo/versions/b3634924e54fa13d/files/2b1963b6df346cfeffe1141f937d989ce922e92323fb6ed8c1f85ad606c03d61 [stream]
[debug] [2023-04-24T14:20:06.173Z] >>> [apiv2][query] POST https://upload-firebasehosting.googleapis.com/upload/sites/maauu-demo/versions/b3634924e54fa13d/files/ae522ec6a655b53bef81fe7a8afb6eabbeed4881e96af9fe5a88c5207af8b24e [none]
[debug] [2023-04-24T14:20:06.173Z] >>> [apiv2][body] POST https://upload-firebasehosting.googleapis.com/upload/sites/maauu-demo/versions/b3634924e54fa13d/files/ae522ec6a655b53bef81fe7a8afb6eabbeed4881e96af9fe5a88c5207af8b24e [stream]
[debug] [2023-04-24T14:20:06.176Z] >>> [apiv2][query] POST https://upload-firebasehosting.googleapis.com/upload/sites/maauu-demo/versions/b3634924e54fa13d/files/9a5b6aac6b1c4d0990b42057ece8d308312d779d82cf54153a8906cb5fcacfd9 [none]
[debug] [2023-04-24T14:20:06.176Z] >>> [apiv2][body] POST https://upload-firebasehosting.googleapis.com/upload/sites/maauu-demo/versions/b3634924e54fa13d/files/9a5b6aac6b1c4d0990b42057ece8d308312d779d82cf54153a8906cb5fcacfd9 [stream]
[debug] [2023-04-24T14:20:06.178Z] >>> [apiv2][query] POST https://upload-firebasehosting.googleapis.com/upload/sites/maauu-demo/versions/b3634924e54fa13d/files/a41b3904cc3c41db0ab508d1726e22aaffde5ec13278d6bac758201043856108 [none]
[debug] [2023-04-24T14:20:06.178Z] >>> [apiv2][body] POST https://upload-firebasehosting.googleapis.com/upload/sites/maauu-demo/versions/b3634924e54fa13d/files/a41b3904cc3c41db0ab508d1726e22aaffde5ec13278d6bac758201043856108 [stream]
[debug] [2023-04-24T14:20:06.180Z] >>> [apiv2][query] POST https://upload-firebasehosting.googleapis.com/upload/sites/maauu-demo/versions/b3634924e54fa13d/files/69559803e98fdbab81d1981125f1e9b4a11f78bbafcb41a45c71f8bf584ddd09 [none]
[debug] [2023-04-24T14:20:06.180Z] >>> [apiv2][body] POST https://upload-firebasehosting.googleapis.com/upload/sites/maauu-demo/versions/b3634924e54fa13d/files/69559803e98fdbab81d1981125f1e9b4a11f78bbafcb41a45c71f8bf584ddd09 [stream]
[debug] [2023-04-24T14:20:06.182Z] >>> [apiv2][query] POST https://upload-firebasehosting.googleapis.com/upload/sites/maauu-demo/versions/b3634924e54fa13d/files/dd133c82e793ec55621b5705d0e47e2d6994353f3fb1c4cd19e2667f753ee0fc [none]
[debug] [2023-04-24T14:20:06.182Z] >>> [apiv2][body] POST https://upload-firebasehosting.googleapis.com/upload/sites/maauu-demo/versions/b3634924e54fa13d/files/dd133c82e793ec55621b5705d0e47e2d6994353f3fb1c4cd19e2667f753ee0fc [stream]
[debug] [2023-04-24T14:20:06.184Z] [hosting][populate queue][FINAL] {"max":428,"min":428,"avg":428,"active":0,"complete":1,"success":1,"errored":0,"retried":0,"total":1,"elapsed":441}
[debug] [2023-04-24T14:20:06.184Z] [hosting] uploads queued: 6
